<?xml version="1.0" encoding="UTF-8"?>
<!-- Generated by org.testng.reporters.JUnitReportReporter -->
<testsuite skipped="0" hostname="FinatelAdmin" name="testcase.practise" tests="1" failures="0" timestamp="13 Dec 2017 10:25:17 GMT" time="0.022" errors="0">
  <testcase name="testing" time="0.022" classname="testcase.practise"/>
</testsuite> <!-- testcase.practise -->
