<?xml version="1.0" encoding="UTF-8"?>
<!-- Generated by org.testng.reporters.JUnitReportReporter -->
<testsuite skipped="0" hostname="FinatelAdmin" name="testcase.TestHomepage" tests="3" failures="0" timestamp="05 Dec 2017 12:37:08 GMT" time="39.076" errors="0">
  <testcase name="openHomePage" time="4.498" classname="testcase.TestHomepage"/>
  <testcase name="verifySignIn" time="2.644" classname="testcase.TestHomepage"/>
  <testcase name="searchBus" time="31.934" classname="testcase.TestHomepage"/>
</testsuite> <!-- testcase.TestHomepage -->
