<?xml version="1.0" encoding="UTF-8"?>
<!-- Generated by org.testng.reporters.JUnitReportReporter -->
<testsuite skipped="0" hostname="FinatelAdmin" name="testcase.TestEBS" tests="1" failures="0" timestamp="05 Dec 2017 12:37:08 GMT" time="5.128" errors="0">
  <testcase name="cardDetails" time="5.128" classname="testcase.TestEBS"/>
</testsuite> <!-- testcase.TestEBS -->
