<?xml version="1.0" encoding="UTF-8"?>
<!-- Generated by org.testng.reporters.JUnitReportReporter -->
<testsuite skipped="0" hostname="FinatelAdmin" name="testcase.TestSearchListPage" tests="4" failures="0" timestamp="05 Dec 2017 12:37:08 GMT" time="5.687" errors="0">
  <testcase name="selectSeat" time="3.154" classname="testcase.TestSearchListPage"/>
  <testcase name="selectBoardingAndDroppingPoints" time="0.857" classname="testcase.TestSearchListPage"/>
  <testcase name="searchListTicketDetails" time="0.352" classname="testcase.TestSearchListPage"/>
  <testcase name="Submit" time="1.324" classname="testcase.TestSearchListPage"/>
</testsuite> <!-- testcase.TestSearchListPage -->
